/*C2*/SET SCHEMA PUBLIC
DELETE FROM TODO WHERE ID=18
COMMIT
DELETE FROM TODO WHERE ID=19
COMMIT
DELETE FROM TODO WHERE ID=20
COMMIT
INSERT INTO TODO VALUES(23,NULL,'test',0,'2013-09-18 16:14:24.000000',0)
COMMIT
DELETE FROM TODO WHERE ID=23
INSERT INTO TODO VALUES(23,TRUE,'test',0,'2013-09-18 00:00:00.000000',1)
COMMIT
INSERT INTO TODO VALUES(24,NULL,'sdfgsd',1,'2013-09-18 16:14:45.000000',0)
COMMIT
DELETE FROM TODO WHERE ID=24
INSERT INTO TODO VALUES(24,TRUE,'sdfgsd',1,'2013-09-18 00:00:00.000000',1)
COMMIT
DELETE FROM TODO WHERE ID=23
INSERT INTO TODO VALUES(23,FALSE,'test',0,'2013-09-18 00:00:00.000000',2)
COMMIT
DELETE FROM TODO WHERE ID=24
COMMIT
DELETE FROM TODO WHERE ID=23
INSERT INTO TODO VALUES(23,TRUE,'test',0,'2013-09-18 00:00:00.000000',3)
COMMIT
INSERT INTO TODO VALUES(25,NULL,'sdfsdfs',2,'2013-09-18 16:17:23.000000',0)
COMMIT
DELETE FROM TODO WHERE ID=23
COMMIT
DELETE FROM TODO WHERE ID=25
COMMIT
INSERT INTO TODO VALUES(26,FALSE,'test',0,'2013-09-18 17:02:55.000000',0)
COMMIT
DELETE FROM TODO WHERE ID=26
INSERT INTO TODO VALUES(26,TRUE,'test',0,'2013-09-18 00:00:00.000000',1)
COMMIT
DELETE FROM TODO WHERE ID=26
INSERT INTO TODO VALUES(26,FALSE,'test',0,'2013-09-18 00:00:00.000000',2)
COMMIT
INSERT INTO TODO VALUES(27,FALSE,'xcvbvxc',1,'2013-09-18 17:03:20.000000',0)
COMMIT
DELETE FROM TODO WHERE ID=27
INSERT INTO TODO VALUES(27,TRUE,'xcvbvxc',1,'2013-09-18 00:00:00.000000',1)
COMMIT
DELETE FROM TODO WHERE ID=27
INSERT INTO TODO VALUES(27,FALSE,'xcvbvxc',1,'2013-09-18 00:00:00.000000',2)
COMMIT
DELETE FROM TODO WHERE ID=27
INSERT INTO TODO VALUES(27,TRUE,'xcvbvxc',1,'2013-09-18 00:00:00.000000',3)
COMMIT
DELETE FROM TODO WHERE ID=26
INSERT INTO TODO VALUES(26,TRUE,'test',0,'2013-09-18 00:00:00.000000',3)
COMMIT
DELETE FROM TODO WHERE ID=26
INSERT INTO TODO VALUES(26,FALSE,'test',0,'2013-09-18 00:00:00.000000',4)
COMMIT
DELETE FROM TODO WHERE ID=26
INSERT INTO TODO VALUES(26,TRUE,'test',0,'2013-09-18 00:00:00.000000',5)
COMMIT
DELETE FROM TODO WHERE ID=26
INSERT INTO TODO VALUES(26,FALSE,'test',0,'2013-09-18 00:00:00.000000',6)
COMMIT
DELETE FROM TODO WHERE ID=26
INSERT INTO TODO VALUES(26,TRUE,'test',0,'2013-09-18 00:00:00.000000',7)
COMMIT
DELETE FROM TODO WHERE ID=26
INSERT INTO TODO VALUES(26,FALSE,'test',0,'2013-09-18 00:00:00.000000',8)
COMMIT
DELETE FROM TODO WHERE ID=27
INSERT INTO TODO VALUES(27,FALSE,'xcvbvxc',1,'2013-09-18 00:00:00.000000',4)
COMMIT
DELETE FROM TODO WHERE ID=27
INSERT INTO TODO VALUES(27,TRUE,'xcvbvxc',1,'2013-09-18 00:00:00.000000',5)
COMMIT
DELETE FROM TODO WHERE ID=27
INSERT INTO TODO VALUES(27,FALSE,'xcvbvxc',1,'2013-09-18 00:00:00.000000',6)
COMMIT
DELETE FROM TODO WHERE ID=26
INSERT INTO TODO VALUES(26,TRUE,'test',0,'2013-09-18 00:00:00.000000',9)
COMMIT
DELETE FROM TODO WHERE ID=26
INSERT INTO TODO VALUES(26,FALSE,'test',0,'2013-09-18 00:00:00.000000',10)
COMMIT
DELETE FROM TODO WHERE ID=27
INSERT INTO TODO VALUES(27,TRUE,'xcvbvxc',1,'2013-09-18 00:00:00.000000',7)
COMMIT
DELETE FROM TODO WHERE ID=27
INSERT INTO TODO VALUES(27,FALSE,'xcvbvxc',1,'2013-09-18 00:00:00.000000',8)
COMMIT
